Using 60 Blocks and 16 threads, PI = 3.141592653589794 computed in 0.155 seconds
Using 60 Blocks and 32 threads, PI = 3.141592653589793 computed in 0.07143 seconds
Using 60 Blocks and 48 threads, PI = 3.141592653589794 computed in 0.04892 seconds
Using 60 Blocks and 64 threads, PI = 3.141592653589792 computed in 0.03672 seconds
Using 60 Blocks and 80 threads, PI = 3.141592653589793 computed in 0.0299 seconds
Using 60 Blocks and 96 threads, PI = 3.141592653589796 computed in 0.02494 seconds
Using 60 Blocks and 112 threads, PI = 3.141592653589795 computed in 0.02199 seconds
Using 60 Blocks and 128 threads, PI = 3.1415926535898 computed in 0.01926 seconds
Using 60 Blocks and 144 threads, PI = 3.141592653589793 computed in 0.01784 seconds
Using 60 Blocks and 160 threads, PI = 3.141592653589789 computed in 0.01607 seconds
Using 120 Blocks and 16 threads, PI = 3.141592653589793 computed in 0.07334 seconds
Using 120 Blocks and 32 threads, PI = 3.141592653589792 computed in 0.03673 seconds
Using 120 Blocks and 48 threads, PI = 3.141592653589796 computed in 0.02498 seconds
Using 120 Blocks and 64 threads, PI = 3.1415926535898 computed in 0.01877 seconds
Using 120 Blocks and 80 threads, PI = 3.141592653589789 computed in 0.01605 seconds
Using 120 Blocks and 96 threads, PI = 3.141592653589788 computed in 0.01341 seconds
Using 120 Blocks and 112 threads, PI = 3.141592653589794 computed in 0.012 seconds
Using 120 Blocks and 128 threads, PI = 3.141592653589795 computed in 0.01054 seconds
Using 120 Blocks and 144 threads, PI = 3.141592653589794 computed in 0.01325 seconds
Using 120 Blocks and 160 threads, PI = 3.141592653589796 computed in 0.01196 seconds
Using 180 Blocks and 16 threads, PI = 3.141592653589794 computed in 0.04891 seconds
Using 180 Blocks and 32 threads, PI = 3.141592653589796 computed in 0.02454 seconds
Using 180 Blocks and 48 threads, PI = 3.141592653589793 computed in 0.01711 seconds
Using 180 Blocks and 64 threads, PI = 3.141592653589788 computed in 0.0129 seconds
Using 180 Blocks and 80 threads, PI = 3.141592653589795 computed in 0.01121 seconds
Using 180 Blocks and 96 threads, PI = 3.141592653589794 computed in 0.009438 seconds
Using 180 Blocks and 112 threads, PI = 3.141592653589796 computed in 0.01143 seconds
Using 180 Blocks and 128 threads, PI = 3.141592653589796 computed in 0.01005 seconds
Using 180 Blocks and 144 threads, PI = 3.141592653589803 computed in 0.01142 seconds
Using 180 Blocks and 160 threads, PI = 3.141592653589794 computed in 0.01031 seconds
Using 240 Blocks and 16 threads, PI = 3.141592653589792 computed in 0.03728 seconds
Using 240 Blocks and 32 threads, PI = 3.1415926535898 computed in 0.01873 seconds
Using 240 Blocks and 48 threads, PI = 3.141592653589788 computed in 0.01335 seconds
Using 240 Blocks and 64 threads, PI = 3.141592653589795 computed in 0.01007 seconds
Using 240 Blocks and 80 threads, PI = 3.141592653589796 computed in 0.01195 seconds
Using 240 Blocks and 96 threads, PI = 3.141592653589796 computed in 0.01001 seconds
Using 240 Blocks and 112 threads, PI = 3.141592653589791 computed in 0.01094 seconds
Using 240 Blocks and 128 threads, PI = 3.141592653589798 computed in 0.009639 seconds
Using 240 Blocks and 144 threads, PI = 3.141592653589796 computed in 0.01111 seconds
Using 240 Blocks and 160 threads, PI = 3.141592653589797 computed in 0.01005 seconds
Using 300 Blocks and 16 threads, PI = 3.141592653589793 computed in 0.02999 seconds
Using 300 Blocks and 32 threads, PI = 3.141592653589789 computed in 0.01509 seconds
Using 300 Blocks and 48 threads, PI = 3.141592653589795 computed in 0.01114 seconds
Using 300 Blocks and 64 threads, PI = 3.141592653589796 computed in 0.008438 seconds
Using 300 Blocks and 80 threads, PI = 3.141592653589791 computed in 0.01091 seconds
Using 300 Blocks and 96 threads, PI = 3.141592653589794 computed in 0.009205 seconds
Using 300 Blocks and 112 threads, PI = 3.141592653589792 computed in 0.01058 seconds
Using 300 Blocks and 128 threads, PI = 3.141592653589797 computed in 0.009332 seconds
Using 300 Blocks and 144 threads, PI = 3.141592653589798 computed in 0.01034 seconds
Using 300 Blocks and 160 threads, PI = 3.141592653589788 computed in 0.009403 seconds
Using 360 Blocks and 16 threads, PI = 3.141592653589796 computed in 0.02553 seconds
Using 360 Blocks and 32 threads, PI = 3.141592653589788 computed in 0.01287 seconds
Using 360 Blocks and 48 threads, PI = 3.141592653589794 computed in 0.0117 seconds
Using 360 Blocks and 64 threads, PI = 3.141592653589796 computed in 0.008857 seconds
Using 360 Blocks and 80 threads, PI = 3.141592653589794 computed in 0.01114 seconds
Using 360 Blocks and 96 threads, PI = 3.141592653589796 computed in 0.009401 seconds
Using 360 Blocks and 112 threads, PI = 3.141592653589794 computed in 0.01029 seconds
Using 360 Blocks and 128 threads, PI = 3.141592653589793 computed in 0.009109 seconds
Using 360 Blocks and 144 threads, PI = 3.141592653589798 computed in 0.01036 seconds
Using 360 Blocks and 160 threads, PI = 3.141592653589796 computed in 0.009469 seconds
Using 420 Blocks and 16 threads, PI = 3.141592653589795 computed in 0.02201 seconds
Using 420 Blocks and 32 threads, PI = 3.141592653589794 computed in 0.01112 seconds
Using 420 Blocks and 48 threads, PI = 3.141592653589796 computed in 0.01143 seconds
Using 420 Blocks and 64 threads, PI = 3.141592653589791 computed in 0.008669 seconds
Using 420 Blocks and 80 threads, PI = 3.141592653589792 computed in 0.01062 seconds
Using 420 Blocks and 96 threads, PI = 3.141592653589794 computed in 0.008864 seconds
Using 420 Blocks and 112 threads, PI = 3.141592653589751 computed in 0.01012 seconds
Using 420 Blocks and 128 threads, PI = 3.14159265358979 computed in 0.008959 seconds
Using 420 Blocks and 144 threads, PI = 3.141592653589798 computed in 0.009965 seconds
Using 420 Blocks and 160 threads, PI = 3.141592653589807 computed in 0.009051 seconds
Using 600 Blocks and 16 threads, PI = 3.141592653589789 computed in 0.01666 seconds
Using 600 Blocks and 32 threads, PI = 3.141592653589796 computed in 0.008488 seconds
Using 600 Blocks and 48 threads, PI = 3.141592653589794 computed in 0.01115 seconds
Using 600 Blocks and 64 threads, PI = 3.141592653589797 computed in 0.008496 seconds
Using 600 Blocks and 80 threads, PI = 3.141592653589788 computed in 0.01052 seconds
Using 600 Blocks and 96 threads, PI = 3.141592653589796 computed in 0.008894 seconds
Using 600 Blocks and 112 threads, PI = 3.141592653589807 computed in 0.009906 seconds
Using 600 Blocks and 128 threads, PI = 3.141592653589801 computed in 0.008771 seconds
Using 600 Blocks and 144 threads, PI = 3.1415926535898 computed in 0.009925 seconds
Using 600 Blocks and 160 threads, PI = 3.141592653589786 computed in 0.00906 seconds


Batch Job Summary Report (version 21.01.1) for Job "cuda_blocks" (38603739) on daint

Job information (1/3)
-----------------------------------------------------------------------------------------------------
             Submit            Eligible               Start                 End    Elapsed Time limit
------------------- ------------------- ------------------- ------------------- ---------- ----------
2022-05-19T12:27:03 2022-05-19T12:27:03 2022-05-19T12:27:05 2022-05-19T12:27:29   00:00:24   00:05:00
-----------------------------------------------------------------------------------------------------

Job information (2/3)
-------------------------------------------------------------
    Username      Account    Partition   NNodes        Energy
------------ ------------ ------------ -------- -------------
    jharamba         uzg2        debug        1      2.174 kJ

Job information (3/3) - GPU utilization data
----------------------------------------------------
   Node name       Usage      Max mem Execution time
------------ ----------- ------------ --------------
    nid02356        13 %      255 MiB       00:00:00
    nid02356         5 %      255 MiB       00:00:00
    nid02356         4 %      255 MiB       00:00:00
    nid02356         3 %      255 MiB       00:00:00
    nid02356         3 %      255 MiB       00:00:00

