Process rank: 9
Process rank: 13
Process rank: 21
Process rank: 23
Process rank: 31
Process rank: 34
Process rank: 0
pi is approximately 3.1415926555898102, Error is 0.0000000020000170
Computed in 0.02495 seconds
Process rank: 1
Process rank: 2
Process rank: 3
Process rank: 4
Process rank: 5
Process rank: 6
Process rank: 7
Process rank: 8
Process rank: 10
Process rank: 11
Process rank: 12
Process rank: 14
Process rank: 15
Process rank: 16
Process rank: 17
Process rank: 18
Process rank: 19
Process rank: 20
Process rank: 22
Process rank: 24
Process rank: 25
Process rank: 26
Process rank: 27
Process rank: 28
Process rank: 29
Process rank: 30
Process rank: 32
Process rank: 33
Process rank: 35
Process rank: 40
Process rank: 43
Process rank: 44
Process rank: 45
Process rank: 49
Process rank: 51
Process rank: 53
Process rank: 61
Process rank: 64
Process rank: 67
Process rank: 71
Process rank: 36
Process rank: 37
Process rank: 38
Process rank: 39
Process rank: 41
Process rank: 42
Process rank: 46
Process rank: 47
Process rank: 48
Process rank: 50
Process rank: 52
Process rank: 54
Process rank: 55
Process rank: 56
Process rank: 57
Process rank: 58
Process rank: 59
Process rank: 60
Process rank: 62
Process rank: 63
Process rank: 65
Process rank: 66
Process rank: 68
Process rank: 69
Process rank: 70


Batch Job Summary Report (version 21.01.1) for Job "HPC" (37079259) on daint

Job information (1/2)
-----------------------------------------------------------------------------------------------------
             Submit            Eligible               Start                 End    Elapsed Time limit
------------------- ------------------- ------------------- ------------------- ---------- ----------
2022-03-09T16:45:42 2022-03-09T16:45:42 2022-03-09T16:56:49 2022-03-09T16:57:16   00:00:27   00:05:00
-----------------------------------------------------------------------------------------------------

Job information (2/2)
-------------------------------------------------------------
    Username      Account    Partition   NNodes        Energy
------------ ------------ ------------ -------- -------------
    jharamba         uzh8       normal        2 not available kJ

Process rank: 3
Process rank: 7
Process rank: 9
Process rank: 15
Process rank: 19
Process rank: 21
Process rank: 22
Process rank: 27
Process rank: 29
Process rank: 30
Process rank: 31
Process rank: 33
Process rank: 35
Process rank: 0
pi is approximately 3.1415926555898102, Error is 0.0000000020000170
Computed in 0.02506 seconds
Process rank: 1
Process rank: 2
Process rank: 4
Process rank: 5
Process rank: 6
Process rank: 8
Process rank: 10
Process rank: 11
Process rank: 12
Process rank: 13
Process rank: 14
Process rank: 16
Process rank: 17
Process rank: 18
Process rank: 20
Process rank: 23
Process rank: 24
Process rank: 25
Process rank: 26
Process rank: 28
Process rank: 32
Process rank: 34
Process rank: 43
Process rank: 53
Process rank: 55
Process rank: 59
Process rank: 64
Process rank: 67
Process rank: 71
Process rank: 36
Process rank: 37
Process rank: 38
Process rank: 39
Process rank: 40
Process rank: 41
Process rank: 42
Process rank: 44
Process rank: 45
Process rank: 46
Process rank: 47
Process rank: 48
Process rank: 49
Process rank: 50
Process rank: 51
Process rank: 52
Process rank: 54
Process rank: 56
Process rank: 57
Process rank: 58
Process rank: 60
Process rank: 61
Process rank: 62
Process rank: 63
Process rank: 65
Process rank: 66
Process rank: 68
Process rank: 69
Process rank: 70


Batch Job Summary Report (version 21.01.1) for Job "HPC" (37079275) on daint

Job information (1/2)
-----------------------------------------------------------------------------------------------------
             Submit            Eligible               Start                 End    Elapsed Time limit
------------------- ------------------- ------------------- ------------------- ---------- ----------
2022-03-09T16:47:13 2022-03-09T16:47:13 2022-03-09T16:56:49 2022-03-09T16:58:03   00:01:14   00:05:00
-----------------------------------------------------------------------------------------------------

Job information (2/2)
-------------------------------------------------------------
    Username      Account    Partition   NNodes        Energy
------------ ------------ ------------ -------- -------------
    jharamba         uzh8       normal        2      5.659 kJ

