Process rank: 38
New Computation  in 0.222 seconds
Process rank: 42
New Computation  in 0.222 seconds
Process rank: 48
New Computation  in 0.222 seconds
Process rank: 50
New Computation  in 0.222 seconds
Process rank: 56
New Computation  in 0.222 seconds
Process rank: 58
New Computation  in 0.222 seconds
Process rank: 64
New Computation  in 0.2221 seconds
Process rank: 70
New Computation  in 0.222 seconds
Process rank: 36
New Computation  in 0.222 seconds
Process rank: 37
New Computation  in 0.2221 seconds
Process rank: 39
New Computation  in 0.2221 seconds
Process rank: 40
New Computation  in 0.222 seconds
Process rank: 41
New Computation  in 0.222 seconds
Process rank: 43
New Computation  in 0.2221 seconds
Process rank: 44
New Computation  in 0.222 seconds
Process rank: 45
New Computation  in 0.2221 seconds
Process rank: 46
New Computation  in 0.2221 seconds
Process rank: 47
New Computation  in 0.2221 seconds
Process rank: 49
New Computation  in 0.2221 seconds
Process rank: 51
New Computation  in 0.2221 seconds
Process rank: 52
New Computation  in 0.2221 seconds
Process rank: 53
New Computation  in 0.2221 seconds
Process rank: 54
New Computation  in 0.2221 seconds
Process rank: 55
New Computation  in 0.2222 seconds
Process rank: 57
New Computation  in 0.2221 seconds
Process rank: 59
New Computation  in 0.2221 seconds
Process rank: 60
New Computation  in 0.2221 seconds
Process rank: 61
New Computation  in 0.2221 seconds
Process rank: 62
New Computation  in 0.222 seconds
Process rank: 63
New Computation  in 0.2221 seconds
Process rank: 65
New Computation  in 0.2221 seconds
Process rank: 66
New Computation  in 0.222 seconds
Process rank: 67
New Computation  in 0.2221 seconds
Process rank: 68
New Computation  in 0.2221 seconds
Process rank: 69
New Computation  in 0.2221 seconds
Process rank: 71
New Computation  in 0.222 seconds
Process rank: 4
New Computation  in 0.2244 seconds
Process rank: 10
New Computation  in 0.2245 seconds
Process rank: 16
New Computation  in 0.2245 seconds
Process rank: 17
New Computation  in 0.2245 seconds
Process rank: 20
New Computation  in 0.2244 seconds
Process rank: 24
New Computation  in 0.2245 seconds
Process rank: 26
New Computation  in 0.2245 seconds
Process rank: 35
New Computation  in 0.2245 seconds
Process rank: 0
pi is approximately 3.1415926555898102, Error is 0.0000000020000170
Computed in 0.02491 seconds
New Computation  in 0.2246 seconds
Process rank: 1
New Computation  in 0.2245 seconds
Process rank: 2
New Computation  in 0.2245 seconds
Process rank: 3
New Computation  in 0.2246 seconds
Process rank: 5
New Computation  in 0.2245 seconds
Process rank: 6
New Computation  in 0.2245 seconds
Process rank: 7
New Computation  in 0.2245 seconds
Process rank: 8
New Computation  in 0.2245 seconds
Process rank: 9
New Computation  in 0.2246 seconds
Process rank: 11
New Computation  in 0.2245 seconds
Process rank: 12
New Computation  in 0.2246 seconds
Process rank: 13
New Computation  in 0.2246 seconds
Process rank: 14
New Computation  in 0.2245 seconds
Process rank: 15
New Computation  in 0.2246 seconds
Process rank: 18
New Computation  in 0.2245 seconds
Process rank: 19
New Computation  in 0.2246 seconds
Process rank: 21
New Computation  in 0.2245 seconds
Process rank: 22
New Computation  in 0.2245 seconds
Process rank: 23
New Computation  in 0.2246 seconds
Process rank: 25
New Computation  in 0.2246 seconds
Process rank: 27
New Computation  in 0.2246 seconds
Process rank: 28
New Computation  in 0.2245 seconds
Process rank: 29
New Computation  in 0.2246 seconds
Process rank: 30
New Computation  in 0.2246 seconds
Process rank: 31
New Computation  in 0.2245 seconds
Process rank: 32
New Computation  in 0.2246 seconds
Process rank: 33
New Computation  in 0.2245 seconds
Process rank: 34
New Computation  in 0.2246 seconds


Batch Job Summary Report (version 21.01.1) for Job "HPC" (37112750) on daint

Job information (1/2)
-----------------------------------------------------------------------------------------------------
             Submit            Eligible               Start                 End    Elapsed Time limit
------------------- ------------------- ------------------- ------------------- ---------- ----------
2022-03-11T15:06:23 2022-03-11T15:06:23 2022-03-11T15:17:20 2022-03-11T15:17:27   00:00:07   00:05:00
-----------------------------------------------------------------------------------------------------

Job information (2/2)
-------------------------------------------------------------
    Username      Account    Partition   NNodes        Energy
------------ ------------ ------------ -------- -------------
    jharamba         uzh8        debug        2      0.470 kJ

